#
# A fatal error has been detected by the Java Runtime Environment:
#
#  EXCEPTION_ACCESS_VIOLATION (0xc0000005) at pc=0x000000005ccac092, pid=9812, tid=0x0000000000002ffc
#
# JRE version: OpenJDK Runtime Environment (8.0_212-b04) (build 1.8.0_212-release-1586-b04)
# Java VM: OpenJDK 64-Bit Server VM (25.212-b04 mixed mode windows-amd64 compressed oops)
# Problematic frame:
# C  [msvcr100.dll+0x3c092]
#
# Failed to write core dump. Minidumps are not enabled by default on client versions of Windows
#
# If you would like to submit a bug report, please visit:
#   
#

---------------  T H R E A D  ---------------

Current thread (0x0000000003257800):  GCTaskThread [stack: 0x0000000012c10000,0x0000000012d10000] [id=12284]

siginfo: ExceptionCode=0xc0000005, reading address 0x0000000100cf6000

Registers:
RAX=0x000000000000000d, RBX=0x00000000e8052330, RCX=0x00000000c88af1d0, RDX=0x0000000038446e20
RSP=0x0000000012d0f288, RBP=0x00000000046eeae6, RSI=0x000000000332c4c0, RDI=0x00000000afc0b510
R8 =0x000000000aad2730, R9 =0x0000000000000000, R10=0x0000000000000000, R11=0x00000000afc0b510
R12=0x0000000012700ce9, R13=0x0000000000000005, R14=0x0000000000000001, R15=0x00000000032524d0
RIP=0x000000005ccac092, EFLAGS=0x0000000000010202

Top of Stack: (sp=0x0000000012d0f288)
0x0000000012d0f288:   000000005eb51a63 00000000046eeae6
0x0000000012d0f298:   00000000046eeae6 000000000332c4c0
0x0000000012d0f2a8:   0000000000000005 0000000000000000
0x0000000012d0f2b8:   000000005ef1ec56 00000000e8052330
0x0000000012d0f2c8:   00000000046eeae6 000000000332c4c0
0x0000000012d0f2d8:   00000000f456edd0 00000000fa6cc030
0x0000000012d0f2e8:   0000000000001000 00000000afbe04e0
0x0000000012d0f2f8:   0000000000000400 0000000000000000
0x0000000012d0f308:   000000000332c400 0000000012700ce9
0x0000000012d0f318:   000000005ef1eef0 00000000fa6cec64
0x0000000012d0f328:   0000000012700d01 000000000332c4c0
0x0000000012d0f338:   00000000a019da30 00000000fa6cec64
0x0000000012d0f348:   000000005ef1fa95 00000000e8bd1ed0
0x0000000012d0f358:   0000000012700d01 000000000332c4c0
0x0000000012d0f368:   0000000000000005 000000000332c4c0
0x0000000012d0f378:   00007ffd66f68ba3 0000000000000000 

Instructions: (pc=0x000000005ccac092)
0x000000005ccac072:   75 ec 48 81 e9 00 10 00 00 b8 40 00 00 00 4c 8b
0x000000005ccac082:   0c 0a 4c 8b 54 0a 08 4c 0f c3 09 4c 0f c3 51 08
0x000000005ccac092:   4c 8b 4c 0a 10 4c 8b 54 0a 18 4c 0f c3 49 10 4c
0x000000005ccac0a2:   0f c3 51 18 4c 8b 4c 0a 20 4c 8b 54 0a 28 48 83 


Register to memory mapping:

RAX=0x000000000000000d is an unknown value
RBX=0x00000000e8052330 is an oop

[error occurred during error reporting (printing register info), id 0xc0000005]

Stack: [0x0000000012c10000,0x0000000012d10000],  sp=0x0000000012d0f288,  free space=1020k
Native frames: (J=compiled Java code, j=interpreted, Vv=VM code, C=native code)
C  [msvcr100.dll+0x3c092]
V  [jvm.dll+0x1a63]
V  [jvm.dll+0x3cec56]
V  [jvm.dll+0x3ceef0]
V  [jvm.dll+0x3cfa95]
V  [jvm.dll+0x3bf23f]
V  [jvm.dll+0x3d1a42]
V  [jvm.dll+0x3c0a0e]
V  [jvm.dll+0x26f53a]
C  [msvcr100.dll+0x21d9f]
C  [msvcr100.dll+0x21e3b]
C  [KERNEL32.DLL+0x17bd4]
C  [ntdll.dll+0x6ce71]


---------------  P R O C E S S  ---------------

Java Threads: ( => current thread )
  0x00000000183a8800 JavaThread "Cache worker for Java compile cache (C:\Users\Administrator\StudioProjects\GuessWhoaIni\.gradle\5.6.4\javaCompile)" [_thread_blocked, id=13584, stack(0x0000000026b10000,0x0000000026c10000)]
  0x00000000183ac800 JavaThread "stdout" [_thread_in_native, id=4288, stack(0x00000000282a0000,0x00000000283a0000)]
  0x00000000183a9800 JavaThread "stderr" [_thread_in_native, id=13700, stack(0x0000000026d20000,0x0000000026e20000)]
  0x00000000183ad000 JavaThread "pool-95-thread-1" [_thread_blocked, id=13664, stack(0x0000000026c20000,0x0000000026d20000)]
  0x000000001dc11800 JavaThread "WorkerExecutor Queue Thread 2" [_thread_blocked, id=14092, stack(0x0000000026a10000,0x0000000026b10000)]
  0x000000001dc12000 JavaThread "WorkerExecutor Queue" [_thread_blocked, id=4564, stack(0x0000000026910000,0x0000000026a10000)]
  0x000000001dc08800 JavaThread "Cache worker for execution history cache (C:\Users\Administrator\StudioProjects\GuessWhoaIni\.gradle\5.6.4\executionHistory)" [_thread_blocked, id=14072, stack(0x0000000026810000,0x0000000026910000)]
  0x000000001dc07800 JavaThread "Execution worker for ':' Thread 3" [_thread_blocked, id=11740, stack(0x0000000026510000,0x0000000026610000)]
  0x000000001dc0d800 JavaThread "Execution worker for ':' Thread 2" [_thread_blocked, id=13136, stack(0x0000000024450000,0x0000000024550000)]
  0x000000001dc06000 JavaThread "Execution worker for ':'" [_thread_blocked, id=13108, stack(0x0000000023f50000,0x0000000024050000)]
  0x000000001dc0a800 JavaThread "Cache worker for file content cache (C:\Users\Administrator\StudioProjects\GuessWhoaIni\.gradle\5.6.4\fileContent)" [_thread_blocked, id=1592, stack(0x0000000023a50000,0x0000000023b50000)]
  0x000000001dc0d000 JavaThread "Cache worker for Build Output Cleanup Cache (C:\Users\Administrator\StudioProjects\GuessWhoaIni\.gradle\buildOutputCleanup)" [_thread_blocked, id=6188, stack(0x0000000023550000,0x0000000023650000)]
  0x000000001dc0a000 JavaThread "pool-94-thread-1" [_thread_blocked, id=7080, stack(0x0000000022850000,0x0000000022950000)]
  0x000000001dc0b800 JavaThread "Build operations Thread 4" [_thread_blocked, id=5656, stack(0x0000000022750000,0x0000000022850000)]
  0x000000001d95c800 JavaThread "Build operations Thread 3" [_thread_blocked, id=5568, stack(0x0000000022650000,0x0000000022750000)]
  0x000000001d960800 JavaThread "Build operations Thread 2" [_thread_blocked, id=11328, stack(0x0000000020f70000,0x0000000021070000)]
  0x000000001d963800 JavaThread "Build operations" [_thread_blocked, id=13632, stack(0x0000000020c30000,0x0000000020d30000)]
  0x000000001d95f800 JavaThread "Cache worker for cache directory md-rule (C:\Users\Administrator\.gradle\caches\5.6.4\md-rule)" [_thread_blocked, id=12308, stack(0x0000000020b30000,0x0000000020c30000)]
  0x000000001d95c000 JavaThread "Cache worker for cache directory md-supplier (C:\Users\Administrator\.gradle\caches\5.6.4\md-supplier)" [_thread_blocked, id=13404, stack(0x0000000020730000,0x0000000020830000)]
  0x000000001d95f000 JavaThread "Cache worker for file hash cache (C:\Users\Administrator\StudioProjects\GuessWhoaIni\.gradle\5.6.4\fileHashes)" [_thread_blocked, id=11716, stack(0x000000001ea00000,0x000000001eb00000)]
  0x000000001d959800 JavaThread "Thread-996" [_thread_blocked, id=13176, stack(0x000000001e700000,0x000000001e800000)]
  0x000000001d954800 JavaThread "Stdin handler" [_thread_blocked, id=13092, stack(0x000000001c060000,0x000000001c160000)]
  0x000000001d958000 JavaThread "Asynchronous log dispatcher for DefaultDaemonConnection: socket connection from /127.0.0.1:50085 to /127.0.0.1:52786" [_thread_blocked, id=11924, stack(0x000000001bd60000,0x000000001be60000)]
  0x000000001d956000 JavaThread "Daemon worker Thread 20" [_thread_blocked, id=2700, stack(0x000000001bc60000,0x000000001bd60000)]
  0x000000001d955000 JavaThread "Cancel handler" [_thread_blocked, id=13284, stack(0x000000001b960000,0x000000001ba60000)]
  0x0000000019b37800 JavaThread "Handler for socket connection from /127.0.0.1:50085 to /127.0.0.1:52786" [_thread_in_native, id=9184, stack(0x000000001b860000,0x000000001b960000)]
  0x0000000019b33800 JavaThread "Daemon Thread 20" [_thread_blocked, id=9140, stack(0x0000000001220000,0x0000000001320000)]
  0x000000001d962000 JavaThread "Cache worker for Java compile cache (C:\Users\Administrator\.gradle\caches\5.6.4\javaCompile)" [_thread_blocked, id=8396, stack(0x0000000024550000,0x0000000024650000)]
  0x00000000183b7800 JavaThread "Cache worker for file content cache (C:\Users\Administrator\.gradle\caches\5.6.4\fileContent)" [_thread_blocked, id=2424, stack(0x0000000023450000,0x0000000023550000)]
  0x00000000183b7000 JavaThread "Memory manager" [_thread_blocked, id=11408, stack(0x0000000023350000,0x0000000023450000)]
  0x00000000183aa000 JavaThread "Cache worker for execution history cache (C:\Users\Administrator\.gradle\caches\5.6.4\executionHistory)" [_thread_blocked, id=4004, stack(0x0000000020830000,0x0000000020930000)]
  0x0000000019b32000 JavaThread "Cache worker for journal cache (C:\Users\Administrator\.gradle\caches\journal-1)" [_thread_blocked, id=4452, stack(0x000000001c560000,0x000000001c660000)]
  0x0000000019b33000 JavaThread "File lock request listener" [_thread_in_native, id=6720, stack(0x000000001c460000,0x000000001c560000)]
  0x0000000019b31800 JavaThread "Cache worker for file hash cache (C:\Users\Administrator\.gradle\caches\5.6.4\fileHashes)" [_thread_blocked, id=11284, stack(0x000000001c360000,0x000000001c460000)]
  0x000000001a400000 JavaThread "Daemon periodic checks" [_thread_blocked, id=11236, stack(0x000000001b760000,0x000000001b860000)]
  0x000000001a3ff000 JavaThread "Incoming local TCP Connector on port 50085" [_thread_in_native, id=8608, stack(0x000000001b5b0000,0x000000001b6b0000)]
  0x000000001a362000 JavaThread "Daemon health stats" [_thread_blocked, id=12096, stack(0x000000001b2b0000,0x000000001b3b0000)]
  0x000000001809c000 JavaThread "Service Thread" daemon [_thread_blocked, id=2772, stack(0x0000000018910000,0x0000000018a10000)]
  0x000000001804a000 JavaThread "C1 CompilerThread2" daemon [_thread_blocked, id=7196, stack(0x0000000018810000,0x0000000018910000)]
  0x0000000018019000 JavaThread "C2 CompilerThread1" daemon [_thread_blocked, id=2868, stack(0x0000000018710000,0x0000000018810000)]
  0x0000000016cc0800 JavaThread "C2 CompilerThread0" daemon [_thread_blocked, id=11296, stack(0x0000000018610000,0x0000000018710000)]
  0x0000000016ca9000 JavaThread "Attach Listener" daemon [_thread_blocked, id=1008, stack(0x0000000018510000,0x0000000018610000)]
  0x0000000018018800 JavaThread "Signal Dispatcher" daemon [_thread_blocked, id=10268, stack(0x0000000018410000,0x0000000018510000)]
  0x000000000333d000 JavaThread "Finalizer" daemon [_thread_blocked, id=6976, stack(0x0000000017f10000,0x0000000018010000)]
  0x0000000016c99800 JavaThread "Reference Handler" daemon [_thread_blocked, id=1868, stack(0x0000000017e10000,0x0000000017f10000)]
  0x0000000003242800 JavaThread "main" [_thread_blocked, id=10628, stack(0x0000000002d90000,0x0000000002e90000)]

Other Threads:
  0x0000000016c77000 VMThread [stack: 0x0000000017d10000,0x0000000017e10000] [id=4900]
  0x000000001809d000 WatcherThread [stack: 0x0000000018a10000,0x0000000018b10000] [id=4624]

=>0x0000000003257800 (exited) GCTaskThread [stack: 0x0000000012c10000,0x0000000012d10000] [id=12284]

VM state:at safepoint (normal execution)

VM Mutex/Monitor currently owned by a thread:  ([mutex/lock_event])
[0x0000000002ece0d0] Threads_lock - owner thread: 0x0000000016c77000
[0x0000000002ecdb50] Heap_lock - owner thread: 0x000000001dc0d800

heap address: 0x00000000a0000000, size: 1536 MB, Compressed Oops mode: 32-bit
Narrow klass base: 0x0000000000000000, Narrow klass shift: 3
Compressed class space size: 1073741824 Address: 0x0000000100000000

Heap:
 PSYoungGen      total 420864K, used 343425K [0x00000000e0000000, 0x0000000100000000, 0x0000000100000000)
  eden space 322560K, 100% used [0x00000000e0000000,0x00000000f3b00000,0x00000000f3b00000)
  from space 98304K, 21% used [0x00000000f3b00000,0x00000000f4f60490,0x00000000f9b00000)
  to   space 95232K, 17% used [0x00000000fa300000,0x00000000fb323070,0x0000000100000000)
 ParOldGen       total 856064K, used 839551K [0x00000000a0000000, 0x00000000d4400000, 0x00000000e0000000)
  object space 856064K, 98% used [0x00000000a0000000,0x00000000d33dfc60,0x00000000d4400000)
 Metaspace       used 96392K, capacity 103174K, committed 103384K, reserved 1138688K
  class space    used 12133K, capacity 13253K, committed 13272K, reserved 1048576K

Card table byte_map: [0x0000000012700000,0x0000000012a10000] byte_map_base: 0x0000000012200000

Marking Bits: (ParMarkBitMap*) 0x000000005f319f30
 Begin Bits: [0x0000000013010000, 0x0000000014810000)
 End Bits:   [0x0000000014810000, 0x0000000016010000)

Polling page: 0x00000000010d0000

CodeCache: size=245760Kb used=81712Kb max_used=81716Kb free=164047Kb
 bounds [0x0000000003340000, 0x00000000083a0000, 0x0000000012340000]
 total_blobs=23190 nmethods=22305 adapters=795
 compilation: enabled

Compilation events (10 events):
Event: 15701.283 Thread 0x000000001804a000 29987       3       com.sun.tools.javac.parser.JavacParser::foldIfNeeded (60 bytes)
Event: 15701.284 Thread 0x0000000018019000 29989       4       com.sun.tools.javac.parser.JavacParser::modifiersOpt (507 bytes)
Event: 15701.284 Thread 0x000000001804a000 nmethod 29987 0x0000000008375110 code [0x0000000008375300, 0x0000000008375c28]
Event: 15701.284 Thread 0x000000001804a000 29988       3       com.sun.tools.javac.parser.JavacParser::stringLiteral (29 bytes)
Event: 15701.284 Thread 0x0000000016cc0800 29990       4       com.sun.tools.javac.parser.JavaTokenizer::scanOperator (81 bytes)
Event: 15701.285 Thread 0x000000001804a000 nmethod 29988 0x0000000008374950 code [0x0000000008374ae0, 0x0000000008374fc8]
Event: 15701.306 Thread 0x0000000016cc0800 nmethod 29990 0x000000000838f9d0 code [0x000000000838fc20, 0x00000000083906d8]
Event: 15701.332 Thread 0x0000000018019000 nmethod 29989 0x0000000008392e90 code [0x0000000008393200, 0x00000000083945f0]
Event: 15701.534 Thread 0x000000001804a000 29991       3       com.sun.tools.javac.code.Scope::enterIfAbsent (68 bytes)
Event: 15701.535 Thread 0x000000001804a000 nmethod 29991 0x0000000008373810 code [0x0000000008373a00, 0x0000000008374498]

GC Heap History (10 events):
Event: 15142.105 GC heap after
Heap after GC invocations=62 (full 5):
 PSYoungGen      total 343040K, used 27046K [0x00000000e0000000, 0x00000000ff580000, 0x0000000100000000)
  eden space 315904K, 0% used [0x00000000e0000000,0x00000000e0000000,0x00000000f3480000)
  from space 27136K, 99% used [0x00000000f3480000,0x00000000f4ee9bd8,0x00000000f4f00000)
  to   space 98816K, 0% used [0x00000000f9500000,0x00000000f9500000,0x00000000ff580000)
 ParOldGen       total 274944K, used 250993K [0x00000000a0000000, 0x00000000b0c80000, 0x00000000e0000000)
  object space 274944K, 91% used [0x00000000a0000000,0x00000000af51c5e8,0x00000000b0c80000)
 Metaspace       used 96111K, capacity 102900K, committed 103128K, reserved 1138688K
  class space    used 12131K, capacity 13250K, committed 13272K, reserved 1048576K
}
Event: 15173.380 GC heap before
{Heap before GC invocations=63 (full 5):
 PSYoungGen      total 343040K, used 342950K [0x00000000e0000000, 0x00000000ff580000, 0x0000000100000000)
  eden space 315904K, 100% used [0x00000000e0000000,0x00000000f3480000,0x00000000f3480000)
  from space 27136K, 99% used [0x00000000f3480000,0x00000000f4ee9bd8,0x00000000f4f00000)
  to   space 98816K, 0% used [0x00000000f9500000,0x00000000f9500000,0x00000000ff580000)
 ParOldGen       total 274944K, used 250993K [0x00000000a0000000, 0x00000000b0c80000, 0x00000000e0000000)
  object space 274944K, 91% used [0x00000000a0000000,0x00000000af51c5e8,0x00000000b0c80000)
 Metaspace       used 96241K, capacity 103028K, committed 103128K, reserved 1138688K
  class space    used 12131K, capacity 13250K, committed 13272K, reserved 1048576K
Event: 15173.401 GC heap after
Heap after GC invocations=63 (full 5):
 PSYoungGen      total 420352K, used 29988K [0x00000000e0000000, 0x0000000100000000, 0x0000000100000000)
  eden space 321536K, 0% used [0x00000000e0000000,0x00000000e0000000,0x00000000f3a00000)
  from space 98816K, 30% used [0x00000000f9500000,0x00000000fb249288,0x00000000ff580000)
  to   space 93184K, 0% used [0x00000000f3a00000,0x00000000f3a00000,0x00000000f9500000)
 ParOldGen       total 274944K, used 251089K [0x00000000a0000000, 0x00000000b0c80000, 0x00000000e0000000)
  object space 274944K, 91% used [0x00000000a0000000,0x00000000af534608,0x00000000b0c80000)
 Metaspace       used 96241K, capacity 103028K, committed 103128K, reserved 1138688K
  class space    used 12131K, capacity 13250K, committed 13272K, reserved 1048576K
}
Event: 15262.442 GC heap before
{Heap before GC invocations=64 (full 5):
 PSYoungGen      total 420352K, used 351524K [0x00000000e0000000, 0x0000000100000000, 0x0000000100000000)
  eden space 321536K, 100% used [0x00000000e0000000,0x00000000f3a00000,0x00000000f3a00000)
  from space 98816K, 30% used [0x00000000f9500000,0x00000000fb249288,0x00000000ff580000)
  to   space 93184K, 0% used [0x00000000f3a00000,0x00000000f3a00000,0x00000000f9500000)
 ParOldGen       total 274944K, used 251089K [0x00000000a0000000, 0x00000000b0c80000, 0x00000000e0000000)
  object space 274944K, 91% used [0x00000000a0000000,0x00000000af534608,0x00000000b0c80000)
 Metaspace       used 96294K, capacity 103092K, committed 103128K, reserved 1138688K
  class space    used 12131K, capacity 13250K, committed 13272K, reserved 1048576K
Event: 15262.465 GC heap after
Heap after GC invocations=64 (full 5):
 PSYoungGen      total 414720K, used 28210K [0x00000000e0000000, 0x00000000ff180000, 0x0000000100000000)
  eden space 321536K, 0% used [0x00000000e0000000,0x00000000e0000000,0x00000000f3a00000)
  from space 93184K, 30% used [0x00000000f3a00000,0x00000000f558cbc8,0x00000000f9500000)
  to   space 88576K, 0% used [0x00000000f9b00000,0x00000000f9b00000,0x00000000ff180000)
 ParOldGen       total 274944K, used 251177K [0x00000000a0000000, 0x00000000b0c80000, 0x00000000e0000000)
  object space 274944K, 91% used [0x00000000a0000000,0x00000000af54a618,0x00000000b0c80000)
 Metaspace       used 96294K, capacity 103092K, committed 103128K, reserved 1138688K
  class space    used 12131K, capacity 13250K, committed 13272K, reserved 1048576K
}
Event: 15266.419 GC heap before
{Heap before GC invocations=65 (full 5):
 PSYoungGen      total 414720K, used 349726K [0x00000000e0000000, 0x00000000ff180000, 0x0000000100000000)
  eden space 321536K, 99% used [0x00000000e0000000,0x00000000f39fad80,0x00000000f3a00000)
  from space 93184K, 30% used [0x00000000f3a00000,0x00000000f558cbc8,0x00000000f9500000)
  to   space 88576K, 0% used [0x00000000f9b00000,0x00000000f9b00000,0x00000000ff180000)
 ParOldGen       total 274944K, used 251177K [0x00000000a0000000, 0x00000000b0c80000, 0x00000000e0000000)
  object space 274944K, 91% used [0x00000000a0000000,0x00000000af54a618,0x00000000b0c80000)
 Metaspace       used 96317K, capacity 103092K, committed 103128K, reserved 1138688K
  class space    used 12131K, capacity 13250K, committed 13272K, reserved 1048576K
Event: 15266.563 GC heap after
Heap after GC invocations=65 (full 5):
 PSYoungGen      total 411136K, used 75267K [0x00000000e0000000, 0x0000000100000000, 0x0000000100000000)
  eden space 322560K, 0% used [0x00000000e0000000,0x00000000e0000000,0x00000000f3b00000)
  from space 88576K, 84% used [0x00000000f9b00000,0x00000000fe480cc0,0x00000000ff180000)
  to   space 98304K, 0% used [0x00000000f3b00000,0x00000000f3b00000,0x00000000f9b00000)
 ParOldGen       total 274944K, used 256696K [0x00000000a0000000, 0x00000000b0c80000, 0x00000000e0000000)
  object space 274944K, 93% used [0x00000000a0000000,0x00000000afaae1a0,0x00000000b0c80000)
 Metaspace       used 96317K, capacity 103092K, committed 103128K, reserved 1138688K
  class space    used 12131K, capacity 13250K, committed 13272K, reserved 1048576K
}
Event: 15276.967 GC heap before
{Heap before GC invocations=66 (full 5):
 PSYoungGen      total 411136K, used 397825K [0x00000000e0000000, 0x0000000100000000, 0x0000000100000000)
  eden space 322560K, 99% used [0x00000000e0000000,0x00000000f3affac8,0x00000000f3b00000)
  from space 88576K, 84% used [0x00000000f9b00000,0x00000000fe480cc0,0x00000000ff180000)
  to   space 98304K, 0% used [0x00000000f3b00000,0x00000000f3b00000,0x00000000f9b00000)
 ParOldGen       total 274944K, used 256696K [0x00000000a0000000, 0x00000000b0c80000, 0x00000000e0000000)
  object space 274944K, 93% used [0x00000000a0000000,0x00000000afaae1a0,0x00000000b0c80000)
 Metaspace       used 96352K, capacity 103156K, committed 103384K, reserved 1138688K
  class space    used 12131K, capacity 13250K, committed 13272K, reserved 1048576K
Event: 15276.990 GC heap after
Heap after GC invocations=66 (full 5):
 PSYoungGen      total 420864K, used 20865K [0x00000000e0000000, 0x0000000100000000, 0x0000000100000000)
  eden space 322560K, 0% used [0x00000000e0000000,0x00000000e0000000,0x00000000f3b00000)
  from space 98304K, 21% used [0x00000000f3b00000,0x00000000f4f60490,0x00000000f9b00000)
  to   space 95232K, 0% used [0x00000000fa300000,0x00000000fa300000,0x0000000100000000)
 ParOldGen       total 274944K, used 257921K [0x00000000a0000000, 0x00000000b0c80000, 0x00000000e0000000)
  object space 274944K, 93% used [0x00000000a0000000,0x00000000afbe04e0,0x00000000b0c80000)
 Metaspace       used 96352K, capacity 103156K, committed 103384K, reserved 1138688K
  class space    used 12131K, capacity 13250K, committed 13272K, reserved 1048576K
}
Event: 15701.568 GC heap before
{Heap before GC invocations=67 (full 5):
 PSYoungGen      total 420864K, used 343425K [0x00000000e0000000, 0x0000000100000000, 0x0000000100000000)
  eden space 322560K, 100% used [0x00000000e0000000,0x00000000f3b00000,0x00000000f3b00000)
  from space 98304K, 21% used [0x00000000f3b00000,0x00000000f4f60490,0x00000000f9b00000)
  to   space 95232K, 0% used [0x00000000fa300000,0x00000000fa300000,0x0000000100000000)
 ParOldGen       total 274944K, used 257921K [0x00000000a0000000, 0x00000000b0c80000, 0x00000000e0000000)
  object space 274944K, 93% used [0x00000000a0000000,0x00000000afbe04e0,0x00000000b0c80000)
 Metaspace       used 96392K, capacity 103174K, committed 103384K, reserved 1138688K
  class space    used 12133K, capacity 13253K, committed 13272K, reserved 1048576K

Deoptimization events (10 events):
Event: 14827.231 Thread 0x000000001d95c000 Uncommon trap: reason=class_check action=maybe_recompile pc=0x0000000007ff8158 method=sun.reflect.DelegatingConstructorAccessorImpl.newInstance([Ljava/lang/Object;)Ljava/lang/Object; @ 5
Event: 14827.231 Thread 0x000000001d95c000 Uncommon trap: reason=class_check action=maybe_recompile pc=0x0000000007ff5090 method=sun.reflect.DelegatingConstructorAccessorImpl.newInstance([Ljava/lang/Object;)Ljava/lang/Object; @ 5
Event: 15139.234 Thread 0x000000001d95c000 Uncommon trap: reason=null_check action=make_not_entrant pc=0x0000000005688d24 method=com.sun.org.apache.xerces.internal.dom.ElementImpl.getAttribute(Ljava/lang/String;)Ljava/lang/String; @ 32
Event: 15173.815 Thread 0x000000001d95c000 Uncommon trap: reason=null_check action=make_not_entrant pc=0x0000000004e8d934 method=java.lang.ThreadLocal$ThreadLocalMap.set(Ljava/lang/ThreadLocal;Ljava/lang/Object;)V @ 36
Event: 15203.776 Thread 0x000000001dc0d800 Uncommon trap: reason=null_check action=make_not_entrant pc=0x0000000004f77698 method=com.google.gson.internal.bind.TypeAdapters$35.create(Lcom/google/gson/Gson;Lcom/google/gson/reflect/TypeToken;)Lcom/google/gson/TypeAdapter; @ 10
Event: 15267.956 Thread 0x00000000183ad000 Uncommon trap: reason=unstable_if action=reinterpret pc=0x0000000004f895e8 method=java.math.MutableBigInteger.mul(ILjava/math/MutableBigInteger;)V @ 12
Event: 15272.067 Thread 0x000000001dc12000 Uncommon trap: reason=null_check action=make_not_entrant pc=0x00000000067fc1f4 method=com.android.ide.common.xml.XmlAttributeSortOrder$1.compare(Lorg/w3c/dom/Attr;Lorg/w3c/dom/Attr;)I @ 18
Event: 15272.067 Thread 0x000000001dc12000 Uncommon trap: reason=null_check action=make_not_entrant pc=0x00000000067fedb0 method=com.android.ide.common.xml.XmlAttributeSortOrder$1.compare(Lorg/w3c/dom/Attr;Lorg/w3c/dom/Attr;)I @ 18
Event: 15699.529 Thread 0x000000001d956000 Uncommon trap: reason=null_check action=make_not_entrant pc=0x000000000833b6d8 method=com.android.ide.common.xml.XmlAttributeSortOrder$1.compare(Lorg/w3c/dom/Attr;Lorg/w3c/dom/Attr;)I @ 28
Event: 15699.530 Thread 0x000000001d956000 Uncommon trap: reason=null_check action=make_not_entrant pc=0x000000000833e300 method=com.android.ide.common.xml.XmlAttributeSortOrder$1.compare(Lorg/w3c/dom/Attr;Lorg/w3c/dom/Attr;)I @ 28

Classes redefined (0 events):
No events

Internal exceptions (10 events):
Event: 15277.017 Thread 0x000000001d958000 Exception <a 'sun/nio/fs/WindowsException'> (0x00000000e0691240) thrown at [D:\src\AOSP-openjdk-cygwin\jdk8u\hotspot\src\share\vm\prims\jni.cpp, line 710]
Event: 15277.017 Thread 0x000000001d958000 Exception <a 'sun/nio/fs/WindowsException'> (0x00000000e06916e8) thrown at [D:\src\AOSP-openjdk-cygwin\jdk8u\hotspot\src\share\vm\prims\jni.cpp, line 710]
Event: 15278.311 Thread 0x000000001d955000 Exception <a 'sun/nio/fs/WindowsException'> (0x00000000e45e6bf0) thrown at [D:\src\AOSP-openjdk-cygwin\jdk8u\hotspot\src\share\vm\prims\jni.cpp, line 710]
Event: 15278.311 Thread 0x000000001d955000 Exception <a 'sun/nio/fs/WindowsException'> (0x00000000e45e70b8) thrown at [D:\src\AOSP-openjdk-cygwin\jdk8u\hotspot\src\share\vm\prims\jni.cpp, line 710]
Event: 15279.112 Thread 0x000000001d95c000 Exception <a 'sun/nio/fs/WindowsException'> (0x00000000e60fe6a8) thrown at [D:\src\AOSP-openjdk-cygwin\jdk8u\hotspot\src\share\vm\prims\jni.cpp, line 710]
Event: 15697.005 Thread 0x000000001d956000 Exception <a 'sun/nio/fs/WindowsException'> (0x00000000e716f3d8) thrown at [D:\src\AOSP-openjdk-cygwin\jdk8u\hotspot\src\share\vm\prims\jni.cpp, line 710]
Event: 15699.529 Thread 0x000000001d956000 Implicit null exception at 0x000000000833abea to 0x000000000833b6cd
Event: 15699.530 Thread 0x000000001d956000 Implicit null exception at 0x000000000833d911 to 0x000000000833e2f5
Event: 15701.074 Thread 0x000000001dc12000 Exception <a 'sun/nio/fs/WindowsException'> (0x00000000f0a610b8) thrown at [D:\src\AOSP-openjdk-cygwin\jdk8u\hotspot\src\share\vm\prims\jni.cpp, line 710]
Event: 15701.074 Thread 0x000000001dc12000 Exception <a 'sun/nio/fs/WindowsException'> (0x00000000f0a61560) thrown at [D:\src\AOSP-openjdk-cygwin\jdk8u\hotspot\src\share\vm\prims\jni.cpp, line 710]

Events (10 events):
Event: 15699.530 Thread 0x000000001d956000 DEOPT UNPACKING pc=0x000000000338557b sp=0x000000001bd597d0 mode 2
Event: 15699.684 Thread 0x000000001dc12000 Thread added: 0x000000001dc12000
Event: 15699.684 Thread 0x000000001dc11800 Thread added: 0x000000001dc11800
Event: 15699.687 Executing VM operation: RevokeBias
Event: 15699.688 Executing VM operation: RevokeBias done
Event: 15699.700 Thread 0x00000000183ad000 Thread added: 0x00000000183ad000
Event: 15699.710 Thread 0x00000000183a9800 Thread added: 0x00000000183a9800
Event: 15699.710 Thread 0x00000000183ac800 Thread added: 0x00000000183ac800
Event: 15701.221 Thread 0x00000000183a8800 Thread added: 0x00000000183a8800
Event: 15701.568 Executing VM operation: ParallelGCFailedAllocation


Dynamic libraries:
0x00007ff638f20000 - 0x00007ff638f51000 	C:\Program Files\Android\Android Studio\jre\bin\java.exe
0x00007ffd693e0000 - 0x00007ffd695d0000 	C:\Windows\SYSTEM32\ntdll.dll
0x00007ffd674a0000 - 0x00007ffd67552000 	C:\Windows\System32\KERNEL32.DLL
0x00007ffd66f30000 - 0x00007ffd671d2000 	C:\Windows\System32\KERNELBASE.dll
0x00007ffd68cf0000 - 0x00007ffd68d93000 	C:\Windows\System32\ADVAPI32.DLL
0x00007ffd69160000 - 0x00007ffd691fe000 	C:\Windows\System32\msvcrt.dll
0x00007ffd68ad0000 - 0x00007ffd68b67000 	C:\Windows\System32\sechost.dll
0x00007ffd67770000 - 0x00007ffd67890000 	C:\Windows\System32\RPCRT4.dll
0x00007ffd67560000 - 0x00007ffd676f3000 	C:\Windows\System32\USER32.dll
0x00007ffd67470000 - 0x00007ffd67491000 	C:\Windows\System32\win32u.dll
0x00007ffd67890000 - 0x00007ffd678b6000 	C:\Windows\System32\GDI32.dll
0x00007ffd672d0000 - 0x00007ffd67464000 	C:\Windows\System32\gdi32full.dll
0x00007ffd671e0000 - 0x00007ffd6727e000 	C:\Windows\System32\msvcp_win.dll
0x00007ffd66e30000 - 0x00007ffd66f2a000 	C:\Windows\System32\ucrtbase.dll
0x00007ffd50820000 - 0x00007ffd50aa5000 	C:\Windows\WinSxS\amd64_microsoft.windows.common-controls_6595b64144ccf1df_6.0.18362.53_none_a1435cd8519dc9c0\COMCTL32.dll
0x00007ffd68da0000 - 0x00007ffd690d6000 	C:\Windows\System32\combase.dll
0x00007ffd66570000 - 0x00007ffd665f1000 	C:\Windows\System32\bcryptPrimitives.dll
0x00007ffd688d0000 - 0x00007ffd688fe000 	C:\Windows\System32\IMM32.DLL
0x000000005cc70000 - 0x000000005cd42000 	C:\Program Files\Android\Android Studio\jre\jre\bin\msvcr100.dll
0x000000005eb50000 - 0x000000005f396000 	C:\Program Files\Android\Android Studio\jre\jre\bin\server\jvm.dll
0x00007ffd68980000 - 0x00007ffd68988000 	C:\Windows\System32\PSAPI.DLL
0x00007ffd45660000 - 0x00007ffd45669000 	C:\Windows\SYSTEM32\WSOCK32.dll
0x00007ffd67700000 - 0x00007ffd6776f000 	C:\Windows\System32\WS2_32.dll
0x00007ffd600c0000 - 0x00007ffd600ca000 	C:\Windows\SYSTEM32\VERSION.dll
0x00007ffd62960000 - 0x00007ffd62984000 	C:\Windows\SYSTEM32\WINMM.dll
0x00007ffd62930000 - 0x00007ffd6295d000 	C:\Windows\SYSTEM32\winmmbase.dll
0x00007ffd67280000 - 0x00007ffd672ca000 	C:\Windows\System32\cfgmgr32.dll
0x00007ffd45650000 - 0x00007ffd4565f000 	C:\Program Files\Android\Android Studio\jre\jre\bin\verify.dll
0x00007ffd3e990000 - 0x00007ffd3e9b9000 	C:\Program Files\Android\Android Studio\jre\jre\bin\java.dll
0x00007ffd3eca0000 - 0x00007ffd3ecb6000 	C:\Program Files\Android\Android Studio\jre\jre\bin\zip.dll
0x00007ffd679a0000 - 0x00007ffd68080000 	C:\Windows\System32\SHELL32.dll
0x00007ffd68200000 - 0x00007ffd682a9000 	C:\Windows\System32\shcore.dll
0x00007ffd66680000 - 0x00007ffd66dfb000 	C:\Windows\System32\windows.storage.dll
0x00007ffd66300000 - 0x00007ffd6631f000 	C:\Windows\System32\profapi.dll
0x00007ffd66320000 - 0x00007ffd6636a000 	C:\Windows\System32\powrprof.dll
0x00007ffd662b0000 - 0x00007ffd662c0000 	C:\Windows\System32\UMPDC.dll
0x00007ffd67940000 - 0x00007ffd67992000 	C:\Windows\System32\shlwapi.dll
0x00007ffd662c0000 - 0x00007ffd662d1000 	C:\Windows\System32\kernel.appcore.dll
0x00007ffd66660000 - 0x00007ffd66677000 	C:\Windows\System32\cryptsp.dll
0x00007ffd3c460000 - 0x00007ffd3c47a000 	C:\Program Files\Android\Android Studio\jre\jre\bin\net.dll
0x00007ffd5b770000 - 0x00007ffd5b944000 	C:\Windows\SYSTEM32\urlmon.dll
0x00007ffd5ba70000 - 0x00007ffd5bd16000 	C:\Windows\SYSTEM32\iertutil.dll
0x00007ffd65cc0000 - 0x00007ffd65ccc000 	C:\Windows\SYSTEM32\CRYPTBASE.DLL
0x00007ffd65af0000 - 0x00007ffd65b57000 	C:\Windows\system32\mswsock.dll
0x00007ffd3a320000 - 0x00007ffd3a333000 	C:\Program Files\Android\Android Studio\jre\jre\bin\nio.dll
0x00007ffd37d00000 - 0x00007ffd37d26000 	C:\Users\Administrator\.gradle\native\30\windows-amd64\native-platform.dll
0x00007ffd44260000 - 0x00007ffd4426d000 	C:\Program Files\Android\Android Studio\jre\jre\bin\management.dll
0x00007ffd656b0000 - 0x00007ffd656e3000 	C:\Windows\system32\rsaenh.dll
0x00007ffd66e00000 - 0x00007ffd66e26000 	C:\Windows\System32\bcrypt.dll
0x00007ffd661d0000 - 0x00007ffd661f5000 	C:\Windows\SYSTEM32\USERENV.dll
0x00007ffd65850000 - 0x00007ffd6588a000 	C:\Windows\SYSTEM32\IPHLPAPI.DLL
0x00007ffd68080000 - 0x00007ffd68088000 	C:\Windows\System32\NSI.dll
0x00007ffd5eed0000 - 0x00007ffd5eee6000 	C:\Windows\SYSTEM32\dhcpcsvc6.DLL
0x00007ffd5efc0000 - 0x00007ffd5efdc000 	C:\Windows\SYSTEM32\dhcpcsvc.DLL
0x00007ffd65890000 - 0x00007ffd6595a000 	C:\Windows\SYSTEM32\DNSAPI.dll
0x00007ffd64a40000 - 0x00007ffd64c34000 	C:\Windows\SYSTEM32\dbghelp.dll

VM Arguments:
jvm_args: -Xmx1536m -Dfile.encoding=GBK -Duser.country=CN -Duser.language=zh -Duser.variant 
java_command: org.gradle.launcher.daemon.bootstrap.GradleDaemon 5.6.4
java_class_path (initial): C:\Users\Administrator\.gradle\wrapper\dists\gradle-5.6.4-all\ankdp27end7byghfw1q2sw75f\gradle-5.6.4\lib\gradle-launcher-5.6.4.jar
Launcher Type: SUN_STANDARD

Environment Variables:
CLASSPATH=C:\Program Files\Mosek\9.2\tools\platform\win64x86\bin\mosek.jar
PATH=C:\gurobi901\win64\bin;C:\Program Files (x86)\NVIDIA Corporation\PhysX\Common;C:\Program Files (x86)\Common Files\Oracle\Java\javapath;C:\Windows\system32;C:\Windows;C:\Windows\System32\Wbem;C:\Windows\System32\WindowsPowerShell\v1.0\;C:\Windows\System32\OpenSSH\;C:\Program Files (x86)\ATI Technologies\ATI.ACE\Core-Static;C:\Program Files\Microsoft SQL Server\Client SDK\ODBC\110\Tools\Binn\;C:\Program Files (x86)\Microsoft SQL Server\120\Tools\Binn\;C:\Program Files\Microsoft SQL Server\120\Tools\Binn\;C:\Program Files\Microsoft SQL Server\120\DTS\Binn\;C:\Program Files (x86)\Windows Kits\8.1\Windows Performance Toolkit\;C:\Program Files (x86)\Microsoft SQL Server\150\DTS\Binn\;C:\Program Files\MATLAB\R2016b\runtime\win64;C:\Program Files\MATLAB\R2016b\bin;C:\Program Files\MATLAB\R2016b\polyspace\bin;C:\Program Files\Git\cmd;C:\Program Files\MiKTeX 2.9\miktex\bin\x64\;C:\Program Files\Mosek\9.2\tools\platform\win64x86\bin;C:\Users\Administrator\AppData\Local\Microsoft\WindowsApps;"C:\MinGW\bin;C:\MinGW\msys\1.0\bin";
USERNAME=Administrator
OS=Windows_NT
PROCESSOR_IDENTIFIER=Intel64 Family 6 Model 42 Stepping 7, GenuineIntel



---------------  S Y S T E M  ---------------

OS: Windows 10.0 , 64 bit Build 18362 (10.0.18362.53)

CPU:total 4 (initial active 4) (2 cores per cpu, 2 threads per core) family 6 model 42 stepping 7, cmov, cx8, fxsr, mmx, sse, sse2, sse3, ssse3, sse4.1, sse4.2, popcnt, avx, clmul, ht, tsc, tscinvbit

Memory: 4k page, physical 12538808k(1780088k free), swap 23548856k(7857072k free)

vm_info: OpenJDK 64-Bit Server VM (25.212-b04) for windows-amd64 JRE (1.8.0_212-release-1586-b04), built by "builder" with MS VC++ 10.0 (VS2010)

time: Sat Apr 11 01:47:07 2020
timezone: ÷–≤øœƒ¡Ó ±
elapsed time: 15702 seconds (0d 4h 21m 42s)

